This is pdfTeX, Version 3.14159265-2.6-1.40.19 (MiKTeX 2.9.6730 64-bit) (preloaded format=pdflatex 2018.8.6)  19 NOV 2021 23:58
entering extended mode
**./LinearRegression.tex
(LinearRegression.tex
LaTeX2e <2018-04-01> patch level 5
("C:\Program Files\MiKTeX 2.9\tex\latex\base\article.cls"
Document Class: article 2014/09/29 v1.4h Standard LaTeX document class
("C:\Program Files\MiKTeX 2.9\tex\latex\base\size10.clo"
File: size10.clo 2014/09/29 v1.4h Standard LaTeX file (size option)
)
\c@part=\count80
\c@section=\count81
\c@subsection=\count82
\c@subsubsection=\count83
\c@paragraph=\count84
\c@subparagraph=\count85
\c@figure=\count86
\c@table=\count87
\abovecaptionskip=\skip41
\belowcaptionskip=\skip42
\bibindent=\dimen102
)
(C:\Users\Nan\AppData\Roaming\MiKTeX\2.9\tex\latex\listings\listings.sty
("C:\Program Files\MiKTeX 2.9\tex\latex\graphics\keyval.sty"
Package: keyval 2014/10/28 v1.15 key=value parser (DPC)
\KV@toks@=\toks14
)
\lst@mode=\count88
\lst@gtempboxa=\box26
\lst@token=\toks15
\lst@length=\count89
\lst@currlwidth=\dimen103
\lst@column=\count90
\lst@pos=\count91
\lst@lostspace=\dimen104
\lst@width=\dimen105
\lst@newlines=\count92
\lst@lineno=\count93
\lst@maxwidth=\dimen106

(C:\Users\Nan\AppData\Roaming\MiKTeX\2.9\tex\latex\listings\lstmisc.sty
File: lstmisc.sty 2018/09/02 1.7 (Carsten Heinz)
\c@lstnumber=\count94
\lst@skipnumbers=\count95
\lst@framebox=\box27
)
(C:\Users\Nan\AppData\Roaming\MiKTeX\2.9\tex\latex\listings\listings.cfg
File: listings.cfg 2018/09/02 1.7 listings configuration
))
Package: listings 2018/09/02 1.7 (Carsten Heinz)

(C:\Users\Nan\AppData\Roaming\MiKTeX\2.9\tex\latex\listings\lstlang1.sty
File: lstlang1.sty 2018/09/02 1.7 listings language file
)
("C:\Program Files\MiKTeX 2.9\tex\latex\tools\array.sty"
Package: array 2018/04/30 v2.4h Tabular extension package (FMi)
\col@sep=\dimen107
\ar@mcellbox=\box28
\extrarowheight=\dimen108
\NC@list=\toks16
\extratabsurround=\skip43
\backup@length=\skip44
\ar@cellbox=\box29
)
("C:\Program Files\MiKTeX 2.9\tex\latex\amsmath\amsmath.sty"
Package: amsmath 2017/09/02 v2.17a AMS math features
\@mathmargin=\skip45

For additional information on amsmath, use the `?' option.
("C:\Program Files\MiKTeX 2.9\tex\latex\amsmath\amstext.sty"
Package: amstext 2000/06/29 v2.01 AMS text

("C:\Program Files\MiKTeX 2.9\tex\latex\amsmath\amsgen.sty"
File: amsgen.sty 1999/11/30 v2.0 generic functions
\@emptytoks=\toks17
\ex@=\dimen109
))
("C:\Program Files\MiKTeX 2.9\tex\latex\amsmath\amsbsy.sty"
Package: amsbsy 1999/11/29 v1.2d Bold Symbols
\pmbraise@=\dimen110
)
("C:\Program Files\MiKTeX 2.9\tex\latex\amsmath\amsopn.sty"
Package: amsopn 2016/03/08 v2.02 operator names
)
\inf@bad=\count96
LaTeX Info: Redefining \frac on input line 213.
\uproot@=\count97
\leftroot@=\count98
LaTeX Info: Redefining \overline on input line 375.
\classnum@=\count99
\DOTSCASE@=\count100
LaTeX Info: Redefining \ldots on input line 472.
LaTeX Info: Redefining \dots on input line 475.
LaTeX Info: Redefining \cdots on input line 596.
\Mathstrutbox@=\box30
\strutbox@=\box31
\big@size=\dimen111
LaTeX Font Info:    Redeclaring font encoding OML on input line 712.
LaTeX Font Info:    Redeclaring font encoding OMS on input line 713.
\macc@depth=\count101
\c@MaxMatrixCols=\count102
\dotsspace@=\muskip10
\c@parentequation=\count103
\dspbrk@lvl=\count104
\tag@help=\toks18
\row@=\count105
\column@=\count106
\maxfields@=\count107
\andhelp@=\toks19
\eqnshift@=\dimen112
\alignsep@=\dimen113
\tagshift@=\dimen114
\tagwidth@=\dimen115
\totwidth@=\dimen116
\lineht@=\dimen117
\@envbody=\toks20
\multlinegap=\skip46
\multlinetaggap=\skip47
\mathdisplay@stack=\toks21
LaTeX Info: Redefining \[ on input line 2817.
LaTeX Info: Redefining \] on input line 2818.
)
("C:\Program Files\MiKTeX 2.9\tex\latex\graphics\graphicx.sty"
Package: graphicx 2017/06/01 v1.1a Enhanced LaTeX Graphics (DPC,SPQR)

("C:\Program Files\MiKTeX 2.9\tex\latex\graphics\graphics.sty"
Package: graphics 2017/06/25 v1.2c Standard LaTeX Graphics (DPC,SPQR)

("C:\Program Files\MiKTeX 2.9\tex\latex\graphics\trig.sty"
Package: trig 2016/01/03 v1.10 sin cos tan (DPC)
)
("C:\Program Files\MiKTeX 2.9\tex\latex\graphics-cfg\graphics.cfg"
File: graphics.cfg 2016/06/04 v1.11 sample graphics configuration
)
Package graphics Info: Driver file: pdftex.def on input line 99.

("C:\Program Files\MiKTeX 2.9\tex\latex\graphics-def\pdftex.def"
File: pdftex.def 2018/01/08 v1.0l Graphics/color driver for pdftex
))
\Gin@req@height=\dimen118
\Gin@req@width=\dimen119
)
(C:\Users\Nan\AppData\Roaming\MiKTeX\2.9\tex\latex\xcolor\xcolor.sty
Package: xcolor 2016/05/11 v2.12 LaTeX color extensions (UK)

("C:\Program Files\MiKTeX 2.9\tex\latex\graphics-cfg\color.cfg"
File: color.cfg 2016/01/02 v1.6 sample color configuration
)
Package xcolor Info: Driver file: pdftex.def on input line 225.
Package xcolor Info: Model `cmy' substituted by `cmy0' on input line 1348.
Package xcolor Info: Model `hsb' substituted by `rgb' on input line 1352.
Package xcolor Info: Model `RGB' extended on input line 1364.
Package xcolor Info: Model `HTML' substituted by `rgb' on input line 1366.
Package xcolor Info: Model `Hsb' substituted by `hsb' on input line 1367.
Package xcolor Info: Model `tHsb' substituted by `hsb' on input line 1368.
Package xcolor Info: Model `HSB' substituted by `hsb' on input line 1369.
Package xcolor Info: Model `Gray' substituted by `gray' on input line 1370.
Package xcolor Info: Model `wave' substituted by `hsb' on input line 1371.
)
("C:\Program Files\MiKTeX 2.9\tex\latex\float\float.sty"
Package: float 2001/11/08 v1.3d Float enhancements (AL)
\c@float@type=\count108
\float@exts=\toks22
\float@box=\box32
\@float@everytoks=\toks23
\@floatcapt=\box33
)
("C:\Program Files\MiKTeX 2.9\tex\latex\hyperref\hyperref.sty"
Package: hyperref 2018/02/06 v6.86b Hypertext links for LaTeX

("C:\Program Files\MiKTeX 2.9\tex\generic\oberdiek\hobsub-hyperref.sty"
Package: hobsub-hyperref 2016/05/16 v1.14 Bundle oberdiek, subset hyperref (HO)


("C:\Program Files\MiKTeX 2.9\tex\generic\oberdiek\hobsub-generic.sty"
Package: hobsub-generic 2016/05/16 v1.14 Bundle oberdiek, subset generic (HO)
Package: hobsub 2016/05/16 v1.14 Construct package bundles (HO)
Package: infwarerr 2016/05/16 v1.4 Providing info/warning/error messages (HO)
Package: ltxcmds 2016/05/16 v1.23 LaTeX kernel commands for general use (HO)
Package: ifluatex 2016/05/16 v1.4 Provides the ifluatex switch (HO)
Package ifluatex Info: LuaTeX not detected.
Package: ifvtex 2016/05/16 v1.6 Detect VTeX and its facilities (HO)
Package ifvtex Info: VTeX not detected.
Package: intcalc 2016/05/16 v1.2 Expandable calculations with integers (HO)
Package: ifpdf 2017/03/15 v3.2 Provides the ifpdf switch
Package: etexcmds 2016/05/16 v1.6 Avoid name clashes with e-TeX commands (HO)
Package etexcmds Info: Could not find \expanded.
(etexcmds)             That can mean that you are not using pdfTeX 1.50 or
(etexcmds)             that some package has redefined \expanded.
(etexcmds)             In the latter case, load this package earlier.
Package: kvsetkeys 2016/05/16 v1.17 Key value parser (HO)
Package: kvdefinekeys 2016/05/16 v1.4 Define keys (HO)
Package: pdftexcmds 2018/01/30 v0.27 Utility functions of pdfTeX for LuaTeX (HO
)
Package pdftexcmds Info: LuaTeX not detected.
Package pdftexcmds Info: \pdf@primitive is available.
Package pdftexcmds Info: \pdf@ifprimitive is available.
Package pdftexcmds Info: \pdfdraftmode found.
Package: pdfescape 2016/05/16 v1.14 Implements pdfTeX's escape features (HO)
Package: bigintcalc 2016/05/16 v1.4 Expandable calculations on big integers (HO
)
Package: bitset 2016/05/16 v1.2 Handle bit-vector datatype (HO)
Package: uniquecounter 2016/05/16 v1.3 Provide unlimited unique counter (HO)
)
Package hobsub Info: Skipping package `hobsub' (already loaded).
Package: letltxmacro 2016/05/16 v1.5 Let assignment for LaTeX macros (HO)
Package: hopatch 2016/05/16 v1.3 Wrapper for package hooks (HO)
Package: xcolor-patch 2016/05/16 xcolor patch
Package: atveryend 2016/05/16 v1.9 Hooks at the very end of document (HO)
Package atveryend Info: \enddocument detected (standard20110627).
Package: atbegshi 2016/06/09 v1.18 At begin shipout hook (HO)
Package: refcount 2016/05/16 v3.5 Data extraction from label references (HO)
Package: hycolor 2016/05/16 v1.8 Color options for hyperref/bookmark (HO)
)
("C:\Program Files\MiKTeX 2.9\tex\generic\ifxetex\ifxetex.sty"
Package: ifxetex 2010/09/12 v0.6 Provides ifxetex conditional
)
("C:\Program Files\MiKTeX 2.9\tex\latex\oberdiek\auxhook.sty"
Package: auxhook 2016/05/16 v1.4 Hooks for auxiliary files (HO)
)
("C:\Program Files\MiKTeX 2.9\tex\latex\oberdiek\kvoptions.sty"
Package: kvoptions 2016/05/16 v3.12 Key value format for package options (HO)
)
\@linkdim=\dimen120
\Hy@linkcounter=\count109
\Hy@pagecounter=\count110

("C:\Program Files\MiKTeX 2.9\tex\latex\hyperref\pd1enc.def"
File: pd1enc.def 2018/02/06 v6.86b Hyperref: PDFDocEncoding definition (HO)
Now handling font encoding PD1 ...
... no UTF-8 mapping file for font encoding PD1
)
\Hy@SavedSpaceFactor=\count111

("C:\Program Files\MiKTeX 2.9\tex\latex\00miktex\hyperref.cfg"
File: hyperref.cfg 2002/06/06 v1.2 hyperref configuration of TeXLive
)
Package hyperref Info: Hyper figures OFF on input line 4509.
Package hyperref Info: Link nesting OFF on input line 4514.
Package hyperref Info: Hyper index ON on input line 4517.
Package hyperref Info: Plain pages OFF on input line 4524.
Package hyperref Info: Backreferencing OFF on input line 4529.
Package hyperref Info: Implicit mode ON; LaTeX internals redefined.
Package hyperref Info: Bookmarks ON on input line 4762.
\c@Hy@tempcnt=\count112

(C:\Users\Nan\AppData\Roaming\MiKTeX\2.9\tex\latex\url\url.sty
\Urlmuskip=\muskip11
Package: url 2013/09/16  ver 3.4  Verb mode for urls, etc.
)
LaTeX Info: Redefining \url on input line 5115.
\XeTeXLinkMargin=\dimen121
\Fld@menulength=\count113
\Field@Width=\dimen122
\Fld@charsize=\dimen123
Package hyperref Info: Hyper figures OFF on input line 6369.
Package hyperref Info: Link nesting OFF on input line 6374.
Package hyperref Info: Hyper index ON on input line 6377.
Package hyperref Info: backreferencing OFF on input line 6384.
Package hyperref Info: Link coloring OFF on input line 6389.
Package hyperref Info: Link coloring with OCG OFF on input line 6394.
Package hyperref Info: PDF/A mode OFF on input line 6399.
LaTeX Info: Redefining \ref on input line 6439.
LaTeX Info: Redefining \pageref on input line 6443.
\Hy@abspage=\count114
\c@Item=\count115
\c@Hfootnote=\count116
)
Package hyperref Info: Driver (autodetected): hpdftex.

("C:\Program Files\MiKTeX 2.9\tex\latex\hyperref\hpdftex.def"
File: hpdftex.def 2018/02/06 v6.86b Hyperref driver for pdfTeX
\Fld@listcount=\count117
\c@bookmark@seq@number=\count118

("C:\Program Files\MiKTeX 2.9\tex\latex\oberdiek\rerunfilecheck.sty"
Package: rerunfilecheck 2016/05/16 v1.8 Rerun checks for auxiliary files (HO)
Package uniquecounter Info: New unique counter `rerunfilecheck' on input line 2
82.
)
\Hy@SectionHShift=\skip48
)
("C:\Program Files\MiKTeX 2.9\tex\latex\caption\caption.sty"
Package: caption 2019/08/29 v3.3b Customizing captions (AR)

("C:\Program Files\MiKTeX 2.9\tex\latex\caption\caption3.sty"
Package: caption3 2018/09/12 v1.8c caption3 kernel (AR)
Package caption3 Info: TeX engine: e-TeX on input line 64.
\captionmargin=\dimen124
\captionmargin@=\dimen125
\captionwidth=\dimen126
\caption@tempdima=\dimen127
\caption@indent=\dimen128
\caption@parindent=\dimen129
\caption@hangindent=\dimen130
)
\c@caption@flags=\count119
\c@ContinuedFloat=\count120
Package caption Info: float package is loaded.
Package caption Info: hyperref package is loaded.
Package caption Info: listings package is loaded.
)
("C:\Program Files\MiKTeX 2.9\tex\latex\caption\subcaption.sty"
Package: subcaption 2018/05/13 v1.2 Sub-captions (AR)
\c@subfigure=\count121
\c@subtable=\count122
)
Package hyperref Info: Option `colorlinks' set `true' on input line 30.

(LinearRegression.aux)
\openout1 = `LinearRegression.aux'.

LaTeX Font Info:    Checking defaults for OML/cmm/m/it on input line 36.
LaTeX Font Info:    ... okay on input line 36.
LaTeX Font Info:    Checking defaults for T1/cmr/m/n on input line 36.
LaTeX Font Info:    ... okay on input line 36.
LaTeX Font Info:    Checking defaults for OT1/cmr/m/n on input line 36.
LaTeX Font Info:    ... okay on input line 36.
LaTeX Font Info:    Checking defaults for OMS/cmsy/m/n on input line 36.
LaTeX Font Info:    ... okay on input line 36.
LaTeX Font Info:    Checking defaults for OMX/cmex/m/n on input line 36.
LaTeX Font Info:    ... okay on input line 36.
LaTeX Font Info:    Checking defaults for U/cmr/m/n on input line 36.
LaTeX Font Info:    ... okay on input line 36.
LaTeX Font Info:    Checking defaults for PD1/pdf/m/n on input line 36.
LaTeX Font Info:    ... okay on input line 36.
\c@lstlisting=\count123

(C:\Users\Nan\AppData\Roaming\MiKTeX\2.9\tex\context\base\supp-pdf.mkii
[Loading MPS to PDF converter (version 2006.09.02).]
\scratchcounter=\count124
\scratchdimen=\dimen131
\scratchbox=\box34
\nofMPsegments=\count125
\nofMParguments=\count126
\everyMPshowfont=\toks24
\MPscratchCnt=\count127
\MPscratchDim=\dimen132
\MPnumerator=\count128
\makeMPintoPDFobject=\count129
\everyMPtoPDFconversion=\toks25
) ("C:\Program Files\MiKTeX 2.9\tex\latex\oberdiek\epstopdf-base.sty"
Package: epstopdf-base 2016/05/15 v2.6 Base part for package epstopdf

("C:\Program Files\MiKTeX 2.9\tex\latex\oberdiek\grfext.sty"
Package: grfext 2016/05/16 v1.2 Manage graphics extensions (HO)
)
Package epstopdf-base Info: Redefining graphics rule for `.eps' on input line 4
38.
Package grfext Info: Graphics extension search list:
(grfext)             [.pdf,.png,.jpg,.mps,.jpeg,.jbig2,.jb2,.PDF,.PNG,.JPG,.JPE
G,.JBIG2,.JB2,.eps]
(grfext)             \AppendGraphicsExtensions on input line 456.
)
\AtBeginShipoutBox=\box35
Package hyperref Info: Link coloring ON on input line 36.

("C:\Program Files\MiKTeX 2.9\tex\latex\hyperref\nameref.sty"
Package: nameref 2016/05/21 v2.44 Cross-referencing by name of section

("C:\Program Files\MiKTeX 2.9\tex\generic\oberdiek\gettitlestring.sty"
Package: gettitlestring 2016/05/16 v1.5 Cleanup title references (HO)
)
\c@section@level=\count130
)
LaTeX Info: Redefining \ref on input line 36.
LaTeX Info: Redefining \pageref on input line 36.
LaTeX Info: Redefining \nameref on input line 36.

(LinearRegression.out) (LinearRegression.out)
\@outlinefile=\write3
\openout3 = `LinearRegression.out'.

Package caption Info: Begin \AtBeginDocument code.
Package caption Info: End \AtBeginDocument code.


LaTeX Warning: No \author given.

[1

{C:/Users/Nan/AppData/Local/MiKTeX/2.9/pdftex/config/pdftex.map}] [2]

Package hyperref Warning: Token not allowed in a PDF string (PDFDocEncoding):
(hyperref)                removing `math shift' on input line 155.


Package hyperref Warning: Token not allowed in a PDF string (PDFDocEncoding):
(hyperref)                removing `math shift' on input line 155.


Package hyperref Warning: Token not allowed in a PDF string (PDFDocEncoding):
(hyperref)                removing `math shift' on input line 155.


Package hyperref Warning: Token not allowed in a PDF string (PDFDocEncoding):
(hyperref)                removing `math shift' on input line 155.

[3]
Overfull \hbox (2.05475pt too wide) in paragraph at lines 193--196
[]\OT1/cmr/m/n/10 In our model, we have $[\OML/cmm/m/it/10 w[]; w[]; w[]; :::; 
w[]\OT1/cmr/m/n/10 ]$ which are dif-fer-ent from $[[]\OML/cmm/m/it/10 ; \OT1/cm
r/m/n/10 0\OML/cmm/m/it/10 ; \OT1/cmr/m/n/10 0\OML/cmm/m/it/10 ; :::; \OT1/cmr/
m/n/10 0]$
 []

[4]

Package hyperref Warning: Token not allowed in a PDF string (PDFDocEncoding):
(hyperref)                removing `math shift' on input line 228.


Package hyperref Warning: Token not allowed in a PDF string (PDFDocEncoding):
(hyperref)                removing `subscript' on input line 228.


Package hyperref Warning: Token not allowed in a PDF string (PDFDocEncoding):
(hyperref)                removing `math shift' on input line 228.

[5] [6]
Overfull \hbox (29.21887pt too wide) in paragraph at lines 327--328
[][][][][][][][][][][][][][][][][][][][][][][][][][][][][][][][][][][][][][][][
][][][][][][][][][][][][][][][][][][][][][][][][][][][][][][][][][][][][][][][]
 
 []

[7]
Overfull \hbox (102.92865pt too wide) in paragraph at lines 343--344
[][][][][][][][][][][][][][][][][][][][][][][][][][][][][][][][][][][][][][][][
][][][][][][][] 
 []

<figures/diff_learning_rates.png, id=135, 325.215pt x 180.675pt>
File: figures/diff_learning_rates.png Graphic file (type png)
<use figures/diff_learning_rates.png>
Package pdftex.def Info: figures/diff_learning_rates.png  used on input line 37
5.
(pdftex.def)             Requested size: 303.53377pt x 168.64354pt.
[8]
Overfull \hbox (91.58868pt too wide) in paragraph at lines 394--395
[][][][][][][][][][][][][][][][][][][][][][][][][][][][][] 
 []


Overfull \hbox (114.26862pt too wide) in paragraph at lines 400--401
[][][][][][][][][][][][][][][][][][][][][][][][][][][][][] 
 []


Overfull \hbox (46.22882pt too wide) in paragraph at lines 401--402
[][][][][][][][][][][][][][][][][][][][][][][][][][][][][][][][][][][][][][][][
][][][][][][][][][][][][][][][][][][][][][][][][][][][][][][][][][] 
 []

[9 <./figures/diff_learning_rates.png>]
Overfull \hbox (91.58868pt too wide) in paragraph at lines 434--435
[][][][][][][][][][][][][][][][][][][][][][][][][][][][][][][][][][][][][][][] 

 []


Overfull \hbox (91.58868pt too wide) in paragraph at lines 446--447
[][][][][][][][][][][][][][][][][][][][][][][][][][][][][] 
 []


Overfull \hbox (46.22882pt too wide) in paragraph at lines 456--457
[][][][][][][][][][][][][][][][][][][][][][][][] 
 []

[10]
Overfull \hbox (0.60442pt too wide) in paragraph at lines 493--494
[]\OT1/cmr/m/n/10 For this ex-am-ple, we use \OT1/cmr/m/it/10 train[]test[]spli
t \OT1/cmr/m/n/10 func-tion from \OT1/cmr/m/it/10 sklearn.model[]selection
 []

<figures/tune_learning_rates.png, id=222, 325.215pt x 361.35pt>
File: figures/tune_learning_rates.png Graphic file (type png)
<use figures/tune_learning_rates.png>
Package pdftex.def Info: figures/tune_learning_rates.png  used on input line 51
0.
(pdftex.def)             Requested size: 252.94499pt x 281.05789pt.

Overfull \hbox (0.86896pt too wide) in paragraph at lines 518--519
[][][][][][][][][][][][][][][][][][][][][][][][][][][][][][][][][][][][] 
 []

[11] [12 <./figures/tune_learning_rates.png>]
Overfull \hbox (80.24872pt too wide) in paragraph at lines 520--521
[][][][][][][][][][][][][][][][][][][][][][][][][][][][][][][][][][][][][][][][
][][][][] 
 []


Overfull \hbox (68.90875pt too wide) in paragraph at lines 523--524
[][][][][][][][][][][][][][][][][][][][][][][][][][][][][][][][][][][][][][][][
][][][][] 
 []

<figures/res_diamonds.png, id=251, 469.755pt x 216.81pt>
File: figures/res_diamonds.png Graphic file (type png)
<use figures/res_diamonds.png>
Package pdftex.def Info: figures/res_diamonds.png  used on input line 532.
(pdftex.def)             Requested size: 303.53377pt x 140.09114pt.

Overfull \hbox (131.27856pt too wide) in paragraph at lines 547--548
[][][][][][][][][][][][][][][][][][][][][][][][][][][][][][][][][][][][][][] 
 []


Overfull \hbox (57.56879pt too wide) in paragraph at lines 548--549
[][][][][][][][][][][][][][][][][][][][][][] 
 []

[13 <./figures/res_diamonds.png>] [14]
<figures/f-test.png, id=284, 289.08pt x 361.35pt>
File: figures/f-test.png Graphic file (type png)
<use figures/f-test.png>
Package pdftex.def Info: figures/f-test.png  used on input line 651.
(pdftex.def)             Requested size: 231.26378pt x 289.0804pt.
 [15] [16 <./figures/f-test.png>]
Package atveryend Info: Empty hook `BeforeClearDocument' on input line 700.

[17]
Package atveryend Info: Empty hook `AfterLastShipout' on input line 700.
 (LinearRegression.aux)
Package atveryend Info: Executing hook `AtVeryEndDocument' on input line 700.
Package atveryend Info: Executing hook `AtEndAfterFileList' on input line 700.
Package rerunfilecheck Info: File `LinearRegression.out' has not changed.
(rerunfilecheck)             Checksum: A7500FCE0A348048C31FFFD395ED77F9;772.
Package atveryend Info: Empty hook `AtVeryVeryEnd' on input line 700.
 ) 
Here is how much of TeX's memory you used:
 9328 strings out of 492973
 134883 string characters out of 3135939
 297975 words of memory out of 3000000
 12925 multiletter control sequences out of 15000+200000
 11424 words of font info for 42 fonts, out of 3000000 for 9000
 1141 hyphenation exceptions out of 8191
 36i,22n,40p,528b,1964s stack positions out of 5000i,500n,10000p,200000b,50000s
<C:/Program Files/MiKTeX 2.9/fonts/type1/public/amsfonts/cm/cmbx12.pfb><C:/Pr
ogram Files/MiKTeX 2.9/fonts/type1/public/amsfonts/cm/cmbxti10.pfb><C:/Program 
Files/MiKTeX 2.9/fonts/type1/public/amsfonts/cm/cmex10.pfb><C:/Program Files/Mi
KTeX 2.9/fonts/type1/public/amsfonts/cm/cmmi10.pfb><C:/Program Files/MiKTeX 2.9
/fonts/type1/public/amsfonts/cm/cmmi12.pfb><C:/Program Files/MiKTeX 2.9/fonts/t
ype1/public/amsfonts/cm/cmmi5.pfb><C:/Program Files/MiKTeX 2.9/fonts/type1/publ
ic/amsfonts/cm/cmmi7.pfb><C:/Program Files/MiKTeX 2.9/fonts/type1/public/amsfon
ts/cm/cmr10.pfb><C:/Program Files/MiKTeX 2.9/fonts/type1/public/amsfonts/cm/cmr
12.pfb><C:/Program Files/MiKTeX 2.9/fonts/type1/public/amsfonts/cm/cmr17.pfb><C
:/Program Files/MiKTeX 2.9/fonts/type1/public/amsfonts/cm/cmr5.pfb><C:/Program 
Files/MiKTeX 2.9/fonts/type1/public/amsfonts/cm/cmr7.pfb><C:/Program Files/MiKT
eX 2.9/fonts/type1/public/amsfonts/cm/cmr9.pfb><C:/Program Files/MiKTeX 2.9/fon
ts/type1/public/amsfonts/cm/cmsy10.pfb><C:/Program Files/MiKTeX 2.9/fonts/type1
/public/amsfonts/cm/cmsy7.pfb><C:/Program Files/MiKTeX 2.9/fonts/type1/public/a
msfonts/cm/cmti10.pfb><C:/Program Files/MiKTeX 2.9/fonts/type1/public/amsfonts/
cm/cmtt9.pfb>
Output written on LinearRegression.pdf (17 pages, 359396 bytes).
PDF statistics:
 417 PDF objects out of 1000 (max. 8388607)
 199 named destinations out of 1000 (max. 500000)
 117 words of extra memory for PDF output out of 10000 (max. 10000000)

